c:\users\andoi\downloads\sdlexamplesvcws\01simplestaticdemo\debug\vc142.pdb
c:\users\andoi\downloads\sdlexamplesvcws\01simplestaticdemo\debug\vc142.idb
c:\users\andoi\downloads\sdlexamplesvcws\01simplestaticdemo\debug\01simplestaticdemomain.obj
c:\users\andoi\downloads\sdlexamplesvcws\01simplestaticdemo\debug\text.obj
c:\users\andoi\downloads\sdlexamplesvcws\01simplestaticdemo\debug\soinua.obj
c:\users\andoi\downloads\sdlexamplesvcws\01simplestaticdemo\debug\imagen.obj
c:\users\andoi\downloads\sdlexamplesvcws\01simplestaticdemo\debug\graphics.obj
c:\users\andoi\downloads\sdlexamplesvcws\01simplestaticdemo\debug\ebentoak.obj
c:\users\andoi\downloads\sdlexamplesvcws\debug\01simplestaticdemo.pdb
c:\users\andoi\downloads\sdlexamplesvcws\01simplestaticdemo\debug\01simple.04ac65fd.tlog\cl.command.1.tlog
c:\users\andoi\downloads\sdlexamplesvcws\01simplestaticdemo\debug\01simple.04ac65fd.tlog\cl.read.1.tlog
c:\users\andoi\downloads\sdlexamplesvcws\01simplestaticdemo\debug\01simple.04ac65fd.tlog\cl.write.1.tlog
c:\users\andoi\downloads\sdlexamplesvcws\01simplestaticdemo\debug\01simple.04ac65fd.tlog\link.24604-cvtres.read.1.tlog
c:\users\andoi\downloads\sdlexamplesvcws\01simplestaticdemo\debug\01simple.04ac65fd.tlog\link.24604-cvtres.write.1.tlog
c:\users\andoi\downloads\sdlexamplesvcws\01simplestaticdemo\debug\01simple.04ac65fd.tlog\link.24604-rc.read.1.tlog
c:\users\andoi\downloads\sdlexamplesvcws\01simplestaticdemo\debug\01simple.04ac65fd.tlog\link.24604-rc.write.1.tlog
c:\users\andoi\downloads\sdlexamplesvcws\01simplestaticdemo\debug\01simple.04ac65fd.tlog\link.24604.read.1.tlog
c:\users\andoi\downloads\sdlexamplesvcws\01simplestaticdemo\debug\01simple.04ac65fd.tlog\link.24604.write.1.tlog
c:\users\andoi\downloads\sdlexamplesvcws\01simplestaticdemo\debug\01simple.04ac65fd.tlog\link.command.1.tlog
c:\users\andoi\downloads\sdlexamplesvcws\01simplestaticdemo\debug\01simple.04ac65fd.tlog\link.read.1.tlog
c:\users\andoi\downloads\sdlexamplesvcws\01simplestaticdemo\debug\01simple.04ac65fd.tlog\link.write.1.tlog
