c:\users\andoi\desktop\sdlexamplesvcws1\01simplestaticdemo\debug\vc142.pdb
c:\users\andoi\desktop\sdlexamplesvcws1\01simplestaticdemo\debug\vc142.idb
c:\users\andoi\desktop\sdlexamplesvcws1\01simplestaticdemo\debug\testua.obj
c:\users\andoi\desktop\sdlexamplesvcws1\01simplestaticdemo\debug\redes.obj
c:\users\andoi\desktop\sdlexamplesvcws1\01simplestaticdemo\debug\program.obj
c:\users\andoi\desktop\sdlexamplesvcws1\01simplestaticdemo\debug\plataformak.obj
c:\users\andoi\desktop\sdlexamplesvcws1\01simplestaticdemo\debug\oinarri.obj
c:\users\andoi\desktop\sdlexamplesvcws1\01simplestaticdemo\debug\musika.obj
c:\users\andoi\desktop\sdlexamplesvcws1\01simplestaticdemo\debug\matematika.obj
c:\users\andoi\desktop\sdlexamplesvcws1\01simplestaticdemo\debug\main.obj
c:\users\andoi\desktop\sdlexamplesvcws1\01simplestaticdemo\debug\irudiformak.obj
c:\users\andoi\desktop\sdlexamplesvcws1\01simplestaticdemo\debug\iratzarri.obj
c:\users\andoi\desktop\sdlexamplesvcws1\01simplestaticdemo\debug\hasierako pantailak.obj
c:\users\andoi\desktop\sdlexamplesvcws1\01simplestaticdemo\debug\fisika.obj
c:\users\andoi\desktop\sdlexamplesvcws1\01simplestaticdemo\debug\text.obj
c:\users\andoi\desktop\sdlexamplesvcws1\01simplestaticdemo\debug\soinua.obj
c:\users\andoi\desktop\sdlexamplesvcws1\01simplestaticdemo\debug\imagen.obj
c:\users\andoi\desktop\sdlexamplesvcws1\01simplestaticdemo\debug\graphics.obj
c:\users\andoi\desktop\sdlexamplesvcws1\01simplestaticdemo\debug\ebentoak.obj
c:\users\andoi\desktop\sdlexamplesvcws1\debug\students life.exe
c:\users\andoi\desktop\sdlexamplesvcws1\debug\students life.ilk
c:\users\andoi\desktop\sdlexamplesvcws1\debug\students life.pdb
c:\users\andoi\desktop\sdlexamplesvcws1\01simplestaticdemo\debug\students life.res
c:\users\andoi\desktop\sdlexamplesvcws1\01simplestaticdemo\debug\students life.tlog\cl.command.1.tlog
c:\users\andoi\desktop\sdlexamplesvcws1\01simplestaticdemo\debug\students life.tlog\cl.read.1.tlog
c:\users\andoi\desktop\sdlexamplesvcws1\01simplestaticdemo\debug\students life.tlog\cl.write.1.tlog
c:\users\andoi\desktop\sdlexamplesvcws1\01simplestaticdemo\debug\students life.tlog\link.command.1.tlog
c:\users\andoi\desktop\sdlexamplesvcws1\01simplestaticdemo\debug\students life.tlog\link.read.1.tlog
c:\users\andoi\desktop\sdlexamplesvcws1\01simplestaticdemo\debug\students life.tlog\link.write.1.tlog
c:\users\andoi\desktop\sdlexamplesvcws1\01simplestaticdemo\debug\students life.tlog\rc.command.1.tlog
c:\users\andoi\desktop\sdlexamplesvcws1\01simplestaticdemo\debug\students life.tlog\rc.read.1.tlog
c:\users\andoi\desktop\sdlexamplesvcws1\01simplestaticdemo\debug\students life.tlog\rc.write.1.tlog
